<?xml version="1.0" encoding="UTF-8"?>
<testng-results ignored="0" total="1" passed="1" failed="0" skipped="0">
  <reporter-output>
  </reporter-output>
  <suite started-at="2023-12-22T10:06:13 IST" name="Default suite" finished-at="2023-12-22T10:06:21 IST" duration-ms="8233">
    <groups>
    </groups>
    <test started-at="2023-12-22T10:06:13 IST" name="Default test" finished-at="2023-12-22T10:06:21 IST" duration-ms="8233">
      <class name="validation.validate">
        <test-method signature="vali()[pri:0, instance:validation.validate@7bab3f1a]" started-at="2023-12-22T10:06:13 IST" name="vali" finished-at="2023-12-22T10:06:21 IST" duration-ms="8191" status="PASS">
          <reporter-output>
          </reporter-output>
        </test-method> <!-- vali -->
      </class> <!-- validation.validate -->
    </test> <!-- Default test -->
  </suite> <!-- Default suite -->
</testng-results>
